<?xml version="1.0" encoding="UTF-8" ?>
<testsuite tests="1" failures="0" name="com.mycompany.tp_mod_02_1302210022_ibrahim_mulyo_tsabit.TP_MOD_02_1302210022_Ibrahim_Mulyo_TsabitTest" time="0.004" errors="0" skipped="0">
  <properties>
[...]
</properties>
  <testcase classname="com.mycompany.tp_mod_02_1302210022_ibrahim_mulyo_tsabit.TP_MOD_02_1302210022_Ibrahim_Mulyo_TsabitTest" name="com.mycompany.tp_mod_02_1302210022_ibrahim_mulyo_tsabit.TP_MOD_02_1302210022_Ibrahim_Mulyo_TsabitTest.testFuncfpb" time="0.004"/>
</testsuite>